2015-10-10 16:21:26,183 monitor.py[line:38] INFO /2111595463/CDhH2zhtG
2015-10-10 16:26:44,932 monitor.py[line:36] INFO /2111595463/CDhH2zhtG
2015-10-10 16:27:46,489 monitor.py[line:36] INFO /2111595463/CDhH2zhtG
2015-10-10 16:28:47,394 monitor.py[line:36] INFO /2111595463/CEsGy91ed
2015-10-10 16:29:29,387 monitor.py[line:36] INFO /2111595463/CEsGy91ed
2015-10-10 16:30:30,206 monitor.py[line:36] INFO /2111595463/CDhH2zhtG
2015-10-10 16:31:21,969 monitor.py[line:36] INFO /2111595463/CDhH2zhtG
2015-10-10 16:32:22,935 monitor.py[line:36] INFO /2111595463/CEsHXkgXC
2015-10-10 16:33:28,092 monitor.py[line:36] INFO /2111595463/CEsHXkgXC
2015-10-10 16:34:28,875 monitor.py[line:36] INFO /2111595463/CEsHXkgXC
2015-10-10 16:35:29,832 monitor.py[line:36] INFO /2111595463/CEsHXkgXC
2015-10-10 16:36:31,012 monitor.py[line:36] INFO /2111595463/CEsHXkgXC
2015-10-10 16:37:32,076 monitor.py[line:36] INFO /2111595463/CEsHXkgXC
2015-10-10 16:38:34,625 monitor.py[line:36] INFO /2111595463/CEsHXkgXC
2015-10-10 16:39:35,630 monitor.py[line:36] INFO /2111595463/CEsHXkgXC
2015-10-10 16:40:36,956 monitor.py[line:36] INFO /2111595463/CEsHXkgXC
2015-10-10 16:41:37,775 monitor.py[line:36] INFO /2111595463/CEsHXkgXC
2015-10-10 16:44:08,455 Monitor.py[line:38] INFO /2111595463/CEsHXkgXC
2015-10-10 16:45:09,342 Monitor.py[line:38] INFO /2111595463/CEsHXkgXC
2015-10-10 16:46:10,373 Monitor.py[line:38] INFO /2111595463/CDhH2zhtG
2015-10-10 16:47:15,526 Monitor.py[line:38] INFO /2111595463/CDhH2zhtG
2015-10-10 16:48:16,734 Monitor.py[line:38] INFO /2111595463/CDhH2zhtG
2015-10-10 16:49:18,023 Monitor.py[line:38] INFO /2111595463/CDhH2zhtG
2015-10-10 16:50:19,864 Monitor.py[line:38] INFO /2111595463/CEsP5CdIv
